<?xml version="1.0" encoding="UTF-8"?>
<testsuite name="com.example.swcoaching.member.MemberControllerTest" tests="1" skipped="0" failures="0" errors="0" timestamp="2022-06-24T15:54:56" hostname="DESKTOP-JQH3QH1" time="0.135">
  <properties/>
  <testcase name="회원을 조회 한다" classname="com.example.swcoaching.member.MemberControllerTest" time="0.135"/>
  <system-out><![CDATA[2022-06-25 00:54:56.867  INFO 38504 --- [    Test worker] .b.t.c.SpringBootTestContextBootstrapper : Neither @ContextConfiguration nor @ContextHierarchy found for test class [com.example.swcoaching.member.MemberControllerTest], using SpringBootContextLoader
2022-06-25 00:54:56.868  INFO 38504 --- [    Test worker] o.s.t.c.support.AbstractContextLoader    : Could not detect default resource locations for test class [com.example.swcoaching.member.MemberControllerTest]: no resource found for suffixes {-context.xml, Context.groovy}.
2022-06-25 00:54:56.868  INFO 38504 --- [    Test worker] t.c.s.AnnotationConfigContextLoaderUtils : Could not detect default configuration classes for test class [com.example.swcoaching.member.MemberControllerTest]: MemberControllerTest does not declare any static, non-private, non-final, nested classes annotated with @Configuration.
2022-06-25 00:54:56.871  INFO 38504 --- [    Test worker] .b.t.c.SpringBootTestContextBootstrapper : Found @SpringBootConfiguration com.example.swcoaching.SwCoachingApplication for test class com.example.swcoaching.member.MemberControllerTest
2022-06-25 00:54:56.873  INFO 38504 --- [    Test worker] .b.t.c.SpringBootTestContextBootstrapper : Loaded default TestExecutionListener class names from location [META-INF/spring.factories]: [org.springframework.boot.test.autoconfigure.restdocs.RestDocsTestExecutionListener, org.springframework.boot.test.autoconfigure.web.client.MockRestServiceServerResetTestExecutionListener, org.springframework.boot.test.autoconfigure.web.servlet.MockMvcPrintOnlyOnFailureTestExecutionListener, org.springframework.boot.test.autoconfigure.web.servlet.WebDriverTestExecutionListener, org.springframework.boot.test.autoconfigure.webservices.client.MockWebServiceServerTestExecutionListener, org.springframework.boot.test.mock.mockito.MockitoTestExecutionListener, org.springframework.boot.test.mock.mockito.ResetMocksTestExecutionListener, org.springframework.test.context.web.ServletTestExecutionListener, org.springframework.test.context.support.DirtiesContextBeforeModesTestExecutionListener, org.springframework.test.context.event.ApplicationEventsTestExecutionListener, org.springframework.test.context.support.DependencyInjectionTestExecutionListener, org.springframework.test.context.support.DirtiesContextTestExecutionListener, org.springframework.test.context.transaction.TransactionalTestExecutionListener, org.springframework.test.context.jdbc.SqlScriptsTestExecutionListener, org.springframework.test.context.event.EventPublishingTestExecutionListener]
2022-06-25 00:54:56.874  INFO 38504 --- [    Test worker] .b.t.c.SpringBootTestContextBootstrapper : Using TestExecutionListeners: [org.springframework.test.context.web.ServletTestExecutionListener@15251cc2, org.springframework.test.context.support.DirtiesContextBeforeModesTestExecutionListener@7bdaf563, org.springframework.test.context.event.ApplicationEventsTestExecutionListener@53813f01, org.springframework.boot.test.mock.mockito.MockitoTestExecutionListener@514c6ca0, org.springframework.boot.test.autoconfigure.SpringBootDependencyInjectionTestExecutionListener@6cb2b947, org.springframework.test.context.support.DirtiesContextTestExecutionListener@40ef385f, org.springframework.test.context.transaction.TransactionalTestExecutionListener@1a4c6e74, org.springframework.test.context.jdbc.SqlScriptsTestExecutionListener@28d728f1, org.springframework.test.context.event.EventPublishingTestExecutionListener@51d6c42d, org.springframework.boot.test.autoconfigure.restdocs.RestDocsTestExecutionListener@68423388, org.springframework.boot.test.autoconfigure.web.client.MockRestServiceServerResetTestExecutionListener@1104cf3a, org.springframework.boot.test.autoconfigure.web.servlet.MockMvcPrintOnlyOnFailureTestExecutionListener@85fd4b, org.springframework.boot.test.autoconfigure.web.servlet.WebDriverTestExecutionListener@6715a6da, org.springframework.boot.test.autoconfigure.webservices.client.MockWebServiceServerTestExecutionListener@1eb207c3, org.springframework.boot.test.mock.mockito.ResetMocksTestExecutionListener@29f86630]
2022-06-25 00:54:57.002  INFO 38504 --- [    Test worker] c.e.s.controller.MemberController        : Member: com.example.swcoaching.member.Member@7fb313e3

MockHttpServletRequest:
      HTTP Method = GET
      Request URI = /member
       Parameters = {username=[skku_student1]}
          Headers = []
             Body = null
    Session Attrs = {}

Handler:
             Type = com.example.swcoaching.controller.MemberController
           Method = com.example.swcoaching.controller.MemberController#getHello(String)

Async:
    Async started = false
     Async result = null

Resolved Exception:
             Type = null

ModelAndView:
        View name = null
             View = null
            Model = null

FlashMap:
       Attributes = null

MockHttpServletResponse:
           Status = 200
    Error message = null
          Headers = [Content-Type:"application/json"]
     Content type = application/json
             Body = {"id":1,"username":"skku_student1","password":"test1","name":"?븰?깮1","remark":"?뀒?뒪?듃 ?븰?깮"}
    Forwarded URL = null
   Redirected URL = null
          Cookies = []
]]></system-out>
  <system-err><![CDATA[]]></system-err>
</testsuite>
